2022-10-04 19:36:31,658 (7fc7df4c6808) :  INFO (core:349) - Starting framework core - Version: 2.6.3, Build: 819d367 (Fri Sep 23 01:15:17 UTC 2022)
2022-10-04 19:36:31,661 (7fc7df4c6808) :  DEBUG (core:361) - Using the elevated policy
2022-10-04 19:36:31,664 (7fc7df4c6808) :  DEBUG (core:365) - Extending whitelist: ['cgi', 'tempfile']
2022-10-04 19:36:31,665 (7fc7df4c6808) :  DEBUG (core:450) - Starting runtime component.
2022-10-04 19:36:31,671 (7fc7df4c6808) :  DEBUG (core:450) - Starting caching component.
2022-10-04 19:36:31,672 (7fc7df4c6808) :  DEBUG (core:450) - Starting data component.
2022-10-04 19:36:31,675 (7fc7df4c6808) :  DEBUG (core:450) - Starting networking component.
2022-10-04 19:36:31,683 (7fc7df4c6808) :  DEBUG (networking:261) - Loaded HTTP cookies
2022-10-04 19:36:31,694 (7fc7df4c6808) :  DEBUG (networking:428) - Setting the default network timeout to 20.0
2022-10-04 19:36:31,697 (7fc7df4c6808) :  DEBUG (core:450) - Starting localization component.
2022-10-04 19:36:31,700 (7fc7df4c6808) :  INFO (localization:409) - Setting the default locale to en-us
2022-10-04 19:36:31,701 (7fc7df4c6808) :  WARNING (data:179) - Error decoding with simplejson, using demjson instead (this will cause a performance hit) - Expecting property name enclosed in double quotes: line 26 column 1 (char 1078)
2022-10-04 19:36:31,707 (7fc7df4c6808) :  DEBUG (localization:427) - Loaded en strings
2022-10-04 19:36:31,710 (7fc7df4c6808) :  DEBUG (core:450) - Starting messaging component.
2022-10-04 19:36:31,712 (7fc7df4c6808) :  DEBUG (core:450) - Starting debugging component.
2022-10-04 19:36:31,713 (7fc7df4c6808) :  DEBUG (core:450) - Starting services component.
2022-10-04 19:36:31,714 (7fc7df4c6808) :  DEBUG (core:450) - Starting myplex component.
2022-10-04 19:36:31,715 (7fc7df4c6808) :  DEBUG (core:450) - Starting notifications component.
2022-10-04 19:36:31,838 (7fc7df4c6808) :  DEBUG (accessor:68) - Creating a new model access point for provider com.plexapp.system in namespace 'metadata'
2022-10-04 19:36:31,857 (7fc7df4c6808) :  DEBUG (runtime:1117) - Created a thread named 'load_all_services'
2022-10-04 19:36:31,857 (7fc7dc16ab38) :  DEBUG (services:265) - Plug-in is not daemonized - loading services from system
2022-10-04 19:36:31,864 (7fc7df4c6808) :  DEBUG (runtime:1117) - Created a thread named 'get_server_info'
2022-10-04 19:36:31,872 (7fc7dc0e4b38) :  DEBUG (networking:143) - Requesting 'http://127.0.0.1:32400'
2022-10-04 19:36:31,875 (7fc7df4c6808) :  DEBUG (core:150) - Finished starting framework core
2022-10-04 19:36:31,874 (7fc7dc16ab38) :  DEBUG (networking:143) - Requesting 'http://127.0.0.1:32400/:/plugins/com.plexapp.system/messaging/function/X0J1bmRsZVNlcnZpY2U6QWxsU2VydmljZXM_/Y2VyZWFsMQoxCmxpc3QKMApyMAo_/Y2VyZWFsMQoxCmRpY3QKMApyMAo_'
2022-10-04 19:36:31,890 (7fc7df4c6808) :  DEBUG (core:560) - Loading plug-in code
2022-10-04 19:36:31,891 (7fc7dc0e4b38) :  ERROR (networking:196) - Error opening URL 'http://127.0.0.1:32400'
2022-10-04 19:36:31,908 (7fc7dc0e4b38) :  WARNING (core:541) - Unable to retrieve the machine identifier or server version.
2022-10-04 19:36:31,900 (7fc7dc16ab38) :  ERROR (networking:196) - Error opening URL 'http://127.0.0.1:32400/:/plugins/com.plexapp.system/messaging/function/X0J1bmRsZVNlcnZpY2U6QWxsU2VydmljZXM_/Y2VyZWFsMQoxCmxpc3QKMApyMAo_/Y2VyZWFsMQoxCmRpY3QKMApyMAo_'
2022-10-04 19:36:31,917 (7fc7dc16ab38) :  ERROR (services:272) - Unable to load services from system. Loading from the current bundle only.
2022-10-04 19:36:31,922 (7fc7dc16ab38) :  DEBUG (services:362) - Loaded services
2022-10-04 19:36:31,934 (7fc7dc107b38) :  DEBUG (services:438) - No shared code to load
2022-10-04 19:36:31,959 (7fc7df4c6808) :  DEBUG (core:566) - Finished loading plug-in code
2022-10-04 19:36:31,965 (7fc7df4c6808) :  DEBUG (runtime:640) - Adding a prefix handler for 'System' ('/system')
2022-10-04 19:36:32,654 (7fc7df4c6808) :  INFO (__init__:35) - Starting System 819d367 (Fri Sep 23 01:15:17 UTC 2022)
2022-10-04 19:36:32,655 (7fc7df4c6808) :  DEBUG (runtime:640) - Adding a prefix handler for 'Player' ('/player')
2022-10-04 19:36:32,663 (7fc7df4c6808) :  INFO (datakit:93) - Loaded the dictionary file
2022-10-04 19:36:32,664 (7fc7df4c6808) :  DEBUG (agentservice:52) - Starting the agent service
2022-10-04 19:36:32,758 (7fc7df4c6808) :  DEBUG (accessor:68) - Creating a new model access point for provider com.plexapp.system in namespace 'metadata'
2022-10-04 19:36:32,764 (7fc7df4c6808) :  DEBUG (bundleservice:65) - Starting the bundle service
2022-10-04 19:36:32,766 (7fc7df4c6808) :  DEBUG (runtime:1117) - Created a thread named 'start'
2022-10-04 19:36:32,767 (7fc7df4c6808) :  DEBUG (playerservice:12) - Starting the player service
2022-10-04 19:36:32,768 (7fc7dbf26b38) :  DEBUG (runtime:1117) - Created a thread named 'ensure_agent_info_exists_inner'
2022-10-04 19:36:32,769 (7fc7df4c6808) :  DEBUG (flagservice:13) - Starting the media flag service
2022-10-04 19:36:32,771 (7fc7df4c6808) :  DEBUG (runtime:1117) - Created a thread named 'start'
2022-10-04 19:36:32,771 (7fc7dbf26b38) :  DEBUG (runtime:1117) - Created a thread named 'ensure_agent_info_exists_inner'
2022-10-04 19:36:32,772 (7fc7df4c6808) :  DEBUG (peerservice:141) - Starting the peer service
2022-10-04 19:36:32,774 (7fc7dbf26b38) :  DEBUG (runtime:1117) - Created a thread named 'ensure_agent_info_exists_inner'
2022-10-04 19:36:32,776 (7fc7dbf03b38) :  DEBUG (peerservice:164) - Fetching the current list of servers
2022-10-04 19:36:32,776 (7fc7df4c6808) :  DEBUG (runtime:1117) - Created a thread named 'refresh_servers'
2022-10-04 19:36:32,778 (7fc7dbf26b38) :  DEBUG (runtime:1117) - Created a thread named 'ensure_agent_info_exists_inner'
2022-10-04 19:36:32,780 (7fc7df4c6808) :  DEBUG (runtime:1150) - Scheduled a timed thread named 'refresh_servers'
2022-10-04 19:36:32,780 (7fc7dbf03b38) :  DEBUG (networking:143) - Requesting 'http://127.0.0.1:32400/servers'
2022-10-04 19:36:32,782 (7fc7df4c6808) :  DEBUG (streamservice:18) - Starting the stream service
2022-10-04 19:36:32,782 (7fc7dbf26b38) :  DEBUG (runtime:1117) - Created a thread named 'ensure_agent_info_exists_inner'
2022-10-04 19:36:32,785 (7fc7df4c6808) :  CRITICAL (runtime:709) - Private handlers are no longer supported; couldn't register <bound method StreamService.token_handler of <streamservice.StreamService object at 0x7fc7db6babd0>>
2022-10-04 19:36:32,786 (7fc7dbf03b38) :  ERROR (networking:196) - Error opening URL 'http://127.0.0.1:32400/servers'
2022-10-04 19:36:32,789 (7fc7dbf26b38) :  DEBUG (runtime:1117) - Created a thread named 'ensure_agent_info_exists_inner'
2022-10-04 19:36:32,790 (7fc7df4c6808) :  DEBUG (runtime:1150) - Scheduled a timed thread named 'invalidation_timer'
2022-10-04 19:36:32,795 (7fc7df4c6808) :  DEBUG (proxyservice:12) - Starting the proxy service
2022-10-04 19:36:32,795 (7fc7dbf26b38) :  DEBUG (runtime:1117) - Created a thread named 'ensure_agent_info_exists_inner'
2022-10-04 19:36:32,800 (7fc7df4c6808) :  DEBUG (runtime:1117) - Created a thread named 'update_attribution_flags_inner'
2022-10-04 19:36:32,798 (7fc7dbf03b38) :  CRITICAL (runtime:1128) - Exception in thread named 'refresh_servers' (most recent call last):
  File "/usr/lib/plexmediaserver/Resources/Plug-ins-819d3678c/Framework.bundle/Contents/Resources/Versions/2/Python/Framework/components/runtime.py", line 1126, in _start_thread
    f(*args, **kwargs)
  File "/usr/lib/plexmediaserver/Resources/Plug-ins-819d3678c/System.bundle/Contents/Code/peerservice.py", line 169, in refresh_servers
    servers_el = self.get_servers_el()
  File "/usr/lib/plexmediaserver/Resources/Plug-ins-819d3678c/System.bundle/Contents/Code/peerservice.py", line 165, in get_servers_el
    return XML.ElementFromURL('http://127.0.0.1:32400/servers', cacheTime = 0)
  File "/usr/lib/plexmediaserver/Resources/Plug-ins-819d3678c/Framework.bundle/Contents/Resources/Versions/2/Python/Framework/api/parsekit.py", line 344, in ElementFromURL
    method=method,
  File "/usr/lib/plexmediaserver/Resources/Plug-ins-819d3678c/Framework.bundle/Contents/Resources/Versions/2/Python/Framework/api/networkkit.py", line 67, in _http_request
    req = self._core.networking.http_request(url, *args, **kwargs)
  File "/usr/lib/plexmediaserver/Resources/Plug-ins-819d3678c/Framework.bundle/Contents/Resources/Versions/2/Python/Framework/components/networking.py", line 346, in http_request
    return HTTPRequest(self._core, url, data, h, url_cache, encoding, errors, timeout, immediate, sleep, opener, follow_redirects, method)
  File "/usr/lib/plexmediaserver/Resources/Plug-ins-819d3678c/Framework.bundle/Contents/Resources/Versions/2/Python/Framework/components/networking.py", line 118, in __init__
    self.load()
  File "/usr/lib/plexmediaserver/Resources/Plug-ins-819d3678c/Framework.bundle/Contents/Resources/Versions/2/Python/Framework/components/networking.py", line 158, in load
    f = self._opener.open(req, timeout=self._timeout)
  File "/usr/lib/plexmediaserver/Resources/Python/python27.zip/urllib2.py", line 435, in open
    response = meth(req, response)
  File "/usr/lib/plexmediaserver/Resources/Python/python27.zip/urllib2.py", line 548, in http_response
    'http', request, response, code, msg, hdrs)
  File "/usr/lib/plexmediaserver/Resources/Python/python27.zip/urllib2.py", line 473, in error
    return self._call_chain(*args)
  File "/usr/lib/plexmediaserver/Resources/Python/python27.zip/urllib2.py", line 407, in _call_chain
    result = func(*args)
  File "/usr/lib/plexmediaserver/Resources/Python/python27.zip/urllib2.py", line 556, in http_error_default
    raise HTTPError(req.get_full_url(), code, msg, hdrs, fp)
HTTPError: HTTP Error 503: Service Unavailable

2022-10-04 19:36:32,802 (7fc7dbf26b38) :  DEBUG (runtime:1117) - Created a thread named 'ensure_agent_info_exists_inner'
2022-10-04 19:36:32,802 (7fc7df4c6808) :  INFO (core:611) - Started plug-in
2022-10-04 19:36:32,805 (7fc7df4c6808) :  DEBUG (socketinterface:160) - Starting socket server
2022-10-04 19:36:32,806 (7fc7dbf26b38) :  DEBUG (runtime:1117) - Created a thread named 'ensure_agent_info_exists_inner'
2022-10-04 19:36:32,808 (7fc7df4c6808) :  DEBUG (runtime:1117) - Created a thread named 'start'
2022-10-04 19:36:32,809 (7fc7df4c6808) :  INFO (socketinterface:184) - Socket server started on port 44121
2022-10-04 19:36:32,810 (7fc7df4c6808) :  INFO (pipeinterface:25) - Entering run loop
2022-10-04 19:36:32,810 (7fc7dbf26b38) :  INFO (bundleservice:131) - Found duplicate identifier at /usr/lib/plexmediaserver/Resources/Plug-ins-819d3678c/WebClient.bundle for bundled plugin (com.plexapp.plugins.webclient), ignoring duplicate plugin.
2022-10-04 19:36:32,811 (7fc7df4c6808) :  DEBUG (runtime:717) - Handling request GET /:/prefixes
2022-10-04 19:36:32,813 (7fc7dbf26b38) :  DEBUG (runtime:1117) - Created a thread named 'ensure_agent_info_exists_inner'
2022-10-04 19:36:32,815 (7fc7df4c6808) :  DEBUG (runtime:814) - Found route matching /:/prefixes
2022-10-04 19:36:32,817 (7fc7dbf26b38) :  DEBUG (runtime:1117) - Created a thread named 'ensure_agent_info_exists_inner'
2022-10-04 19:36:32,818 (7fc7df4c6808) :  DEBUG (runtime:924) - Response: [200] MediaContainer, 486 bytes
2022-10-04 19:36:32,820 (7fc7dbf26b38) :  DEBUG (runtime:1117) - Created a thread named 'ensure_agent_info_exists_inner'
2022-10-04 19:36:32,821 (7fc7dbf26b38) :  INFO (bundleservice:131) - Found duplicate identifier at /usr/lib/plexmediaserver/Resources/Plug-ins-819d3678c/TheTVDBv4.bundle for bundled plugin (com.plexapp.agents.thetvdb), ignoring duplicate plugin.
2022-10-04 19:36:32,823 (7fc7db811b38) :  DEBUG (runtime:717) - Handling request GET /system/agents
2022-10-04 19:36:32,836 (7fc7dbf26b38) :  DEBUG (runtime:1117) - Created a thread named 'ensure_agent_info_exists_inner'
2022-10-04 19:36:32,843 (7fc7db811b38) :  DEBUG (runtime:814) - Found route matching /system/agents
2022-10-04 19:36:32,844 (7fc7dbf26b38) :  DEBUG (runtime:1117) - Created a thread named 'ensure_agent_info_exists_inner'
2022-10-04 19:36:32,848 (7fc7dbf26b38) :  DEBUG (runtime:1117) - Created a thread named 'ensure_agent_info_exists_inner'
2022-10-04 19:36:32,850 (7fc7dbf26b38) :  DEBUG (runtime:1117) - Created a thread named 'ensure_agent_info_exists_inner'
2022-10-04 19:36:32,853 (7fc7dbf26b38) :  DEBUG (runtime:1117) - Created a thread named 'ensure_agent_info_exists_inner'
2022-10-04 19:36:32,855 (7fc7dbf26b38) :  DEBUG (runtime:1117) - Created a thread named 'remove_unavailable_agents'
2022-10-04 19:36:32,856 (7fc7dbf26b38) :  DEBUG (bundleservice:81) - Started the bundle service
2022-10-04 19:36:32,864 (7fc7db811b38) :  DEBUG (runtime:1117) - Created a thread named 'ensure_agent_info_exists_inner'
2022-10-04 19:36:32,875 (7fc7db7ddb38) :  DEBUG (runtime:1117) - Created a thread named 'ensure_agent_info_exists_inner'
2022-10-04 19:36:32,877 (7fc7dbee0b38) :  DEBUG (flagservice:46) - Started the media flag service
2022-10-04 19:36:32,878 (7fc7db8feb38) :  INFO (agentservice:129) - Agent info: {'com.plexapp.agents.fanarttv': [{'media_types': ['Movie'], 'primary_provider': False, 'fallback_agent': None, 'contributes_to': ['com.plexapp.agents.imdb', 'com.plexapp.agents.themoviedb'], 'has_attribution': True, 'languages': ['xn'], 'persist_stored_files': True, 'version': 0, 'accepts_from': None, 'prefs': True, 'name': 'Fanart.tv'}, {'media_types': ['TV_Show'], 'primary_provider': False, 'fallback_agent': None, 'contributes_to': ['com.plexapp.agents.thetvdb', 'com.plexapp.agents.themoviedb'], 'has_attribution': True, 'languages': ['xn'], 'persist_stored_files': True, 'version': 0, 'accepts_from': None, 'prefs': True, 'name': 'Fanart.tv'}, {'media_types': ['Artist'], 'primary_provider': False, 'fallback_agent': None, 'contributes_to': ['com.plexapp.agents.lastfm'], 'has_attribution': True, 'languages': ['xn'], 'persist_stored_files': True, 'version': 0, 'accepts_from': None, 'prefs': True, 'name': 'Fanart.tv'}, {'media_types': ['Album'], 'primary_provider': False, 'fallback_agent': None, 'contributes_to': ['com.plexapp.agents.lastfm'], 'has_attribution': True, 'languages': ['xn'], 'persist_stored_files': True, 'version': 0, 'accepts_from': None, 'prefs': True, 'name': 'Fanart.tv'}], 'com.plexapp.agents.none': [{'media_types': ['Movie'], 'primary_provider': True, 'fallback_agent': None, 'contributes_to': None, 'has_attribution': False, 'languages': ['xn'], 'persist_stored_files': True, 'version': 0, 'accepts_from': None, 'prefs': False, 'name': 'Personal Media'}, {'media_types': ['TV_Show'], 'primary_provider': True, 'fallback_agent': None, 'contributes_to': None, 'has_attribution': False, 'languages': ['xn'], 'persist_stored_files': True, 'version': 0, 'accepts_from': None, 'prefs': False, 'name': 'Personal Media Shows'}, {'media_types': ['Artist'], 'primary_provider': True, 'fallback_agent': None, 'contributes_to': None, 'has_attribution': False, 'languages': ['xn'], 'persist_stored_files': True, 'version': 0, 'accepts_from': None, 'prefs': False, 'name': 'Personal Media Artists'}, {'media_types': ['Album'], 'primary_provider': True, 'fallback_agent': None, 'contributes_to': None, 'has_attribution': False, 'languages': ['xn'], 'persist_stored_files': True, 'version': 0, 'accepts_from': None, 'prefs': False, 'name': 'Personal Media Albums'}, {'media_types': ['Photo'], 'primary_provider': True, 'fallback_agent': None, 'contributes_to': None, 'has_attribution': False, 'languages': ['en', 'ar', 'bg', 'ca', 'cs', 'cy', 'da', 'de', 'el', 'es', 'et', 'fa', 'fi', 'fr', 'he', 'hi', 'hr', 'ht', 'hu', 'id', 'it', 'ja', 'ko', 'lt', 'lv', 'ms', 'mt', 'nl', 'no', 'pl', 'pt', 'ro', 'ru', 'sk', 'sv', 'sl', 'sr', 'th', 'tr', 'uk', 'ur', 'vi', 'zh', 'xn'], 'persist_stored_files': True, 'version': 0, 'accepts_from': None, 'prefs': False, 'name': 'Photos'}], 'tv.plex.agents.music': [{'media_types': ['Artist'], 'primary_provider': True, 'fallback_agent': None, 'contributes_to': None, 'has_attribution': True, 'languages': ['en', 'ar', 'bg', 'zh', 'hr', 'cs', 'da', 'nl', 'fi', 'fr', 'de', 'el', 'hu', 'id', 'it', 'ja', 'ko', 'nn', 'pl', 'pt', 'ro', 'ru', 'sr', 'sk', 'es', 'sv', 'th', 'tr', 'vi', 'xx'], 'persist_stored_files': True, 'version': 0, 'accepts_from': None, 'prefs': True, 'name': 'Plex Music'}, {'media_types': ['Album'], 'primary_provider': True, 'fallback_agent': None, 'contributes_to': None, 'has_attribution': True, 'languages': ['en', 'ar', 'bg', 'zh', 'hr', 'cs', 'da', 'nl', 'fi', 'fr', 'de', 'el', 'hu', 'id', 'it', 'ja', 'ko', 'nn', 'pl', 'pt', 'ro', 'ru', 'sr', 'sk', 'es', 'sv', 'th', 'tr', 'vi', 'xx'], 'persist_stored_files': True, 'version': 0, 'accepts_from': None, 'prefs': True, 'name': 'Plex Music'}], 'com.plexapp.agents.opensubtitles': [{'media_types': ['Movie'], 'primary_provider': False, 'fallback_agent': None, 'contributes_to': ['com.plexapp.agents.imdb'], 'has_attribution': False, 'languages': ['xn'], 'persist_stored_files': True, 'version': 0, 'accepts_from': None, 'prefs': True, 'name': 'OpenSubtitles.org'}, {'media_types': ['TV_Show'], 'primary_provider': False, 'fallback_agent': None, 'contributes_to': ['com.plexapp.agents.thetvdb'], 'has_attribution': False, 'languages': ['xn'], 'persist_stored_files': True, 'version': 0, 'accepts_from': None, 'prefs': True, 'name': 'OpenSubtitles.org'}], 'com.plexapp.agents.imdb': [{'media_types': ['Movie'], 'accepts_from': ['com.plexapp.agents.localmedia'], 'fallback_agent': None, 'contributes_to': ['com.plexapp.agents.themoviedb'], 'has_attribution': True, 'languages': ['en', 'sv', 'fr', 'es', 'nl', 'de', 'it', 'da', 'ar', 'ca', 'zh', 'cs', 'et', 'fi', 'el', 'he', 'hi', 'hu', 'id', 'ja', 'ko', 'lv', 'no', 'fa', 'pl', 'pt', 'ro', 'ru', 'sk', 'th', 'tr', 'uk', 'vi'], 'persist_stored_files': True, 'version': 0, 'primary_provider': True, 'prefs': True, 'name': 'Plex Movie'}], 'com.plexapp.agents.lyricfind': [{'media_types': ['Album'], 'primary_provider': False, 'fallback_agent': None, 'contributes_to': ['com.plexapp.agents.lastfm', 'tv.plex.agents.music', 'org.musicbrainz.agents.music'], 'has_attribution': True, 'languages': ['xn'], 'persist_stored_files': True, 'version': 0, 'accepts_from': None, 'prefs': False, 'name': 'LyricFind'}], 'com.plexapp.agents.thetvdb': [{'media_types': ['TV_Show'], 'primary_provider': True, 'fallback_agent': None, 'contributes_to': None, 'has_attribution': True, 'languages': ['en', 'fr', 'zh', 'sv', 'no', 'da', 'fi', 'nl', 'de', 'it', 'es', 'pl', 'hu', 'el', 'tr', 'ru', 'he', 'ja', 'pt', 'cs', 'ko', 'sl', 'hr'], 'persist_stored_files': True, 'version': 0, 'accepts_from': None, 'prefs': True, 'name': 'TheTVDB'}], 'tv.plex.agents.movie': [{'media_types': ['Movie'], 'primary_provider': True, 'fallback_agent': None, 'contributes_to': None, 'has_attribution': True, 'languages': [], 'persist_stored_files': True, 'version': 0, 'accepts_from': None, 'prefs': True, 'name': 'Plex Movie'}], 'tv.plex.agents.series': [{'media_types': ['TV_Show'], 'primary_provider': True, 'fallback_agent': None, 'contributes_to': None, 'has_attribution': True, 'languages': [], 'persist_stored_files': True, 'version': 0, 'accepts_from': None, 'prefs': True, 'name': 'Plex TV Series'}], 'com.plexapp.agents.plexthememusic': [{'media_types': ['TV_Show'], 'primary_provider': False, 'fallback_agent': None, 'contributes_to': ['com.plexapp.agents.thetvdb', 'com.plexapp.agents.thetvdbdvdorder', 'com.plexapp.agents.themoviedb'], 'has_attribution': False, 'languages': ['xn'], 'persist_stored_files': True, 'version': 0, 'accepts_from': None, 'prefs': False, 'name': 'Plex Theme Music'}], 'org.musicbrainz.agents.music': [{'media_types': ['Artist'], 'primary_provider': True, 'fallback_agent': None, 'contributes_to': None, 'has_attribution': True, 'languages': ['en', 'ar', 'bg', 'zh', 'hr', 'cs', 'da', 'nl', 'fi', 'fr', 'de', 'el', 'hu', 'id', 'it', 'ja', 'ko', 'nn', 'pl', 'pt', 'ro', 'ru', 'sr', 'sk', 'es', 'sv', 'th', 'tr', 'vi', 'xx'], 'persist_stored_files': True, 'version': 0, 'accepts_from': None, 'prefs': True, 'name': 'Musicbrainz'}, {'media_types': ['Album'], 'primary_provider': True, 'fallback_agent': None, 'contributes_to': None, 'has_attribution': True, 'languages': ['en', 'ar', 'bg', 'zh', 'hr', 'cs', 'da', 'nl', 'fi', 'fr', 'de', 'el', 'hu', 'id', 'it', 'ja', 'ko', 'nn', 'pl', 'pt', 'ro', 'ru', 'sr', 'sk', 'es', 'sv', 'th', 'tr', 'vi', 'xx'], 'persist_stored_files': True, 'version': 0, 'accepts_from': None, 'prefs': True, 'name': 'Musicbrainz'}], 'com.plexapp.agents.themoviedb': [{'media_types': ['Movie'], 'primary_provider': True, 'fallback_agent': None, 'contributes_to': None, 'has_attribution': True, 'languages': ['en', 'cs', 'da', 'de', 'el', 'es', 'fi', 'fr', 'he', 'hr', 'hu', 'it', 'lv', 'lt', 'nl', 'no', 'pl', 'pt', 'ru', 'sk', 'sv', 'th', 'tr', 'vi', 'zh', 'ko'], 'persist_stored_files': True, 'version': 0, 'accepts_from': ['com.plexapp.agents.localmedia'], 'prefs': True, 'name': 'The Movie Database'}, {'media_types': ['TV_Show'], 'primary_provider': True, 'fallback_agent': None, 'contributes_to': ['com.plexapp.agents.thetvdb'], 'has_attribution': True, 'languages': ['en', 'cs', 'da', 'de', 'el', 'es', 'fi', 'fr', 'he', 'hr', 'hu', 'it', 'lv', 'lt', 'nl', 'no', 'pl', 'pt', 'ru', 'sk', 'sv', 'th', 'tr', 'vi', 'zh', 'ko'], 'persist_stored_files': True, 'version': 0, 'accepts_from': ['com.plexapp.agents.localmedia', 'com.plexapp.agents.thetvdb'], 'prefs': True, 'name': 'The Movie Database'}], 'com.plexapp.agents.localmedia': [{'media_types': ['Movie'], 'primary_provider': False, 'fallback_agent': None, 'contributes_to': ['com.plexapp.agents.imdb', 'com.plexapp.agents.none'], 'has_attribution': False, 'languages': ['xn'], 'persist_stored_files': False, 'version': 0, 'accepts_from': None, 'prefs': True, 'name': 'Local Media Assets (Movies)'}, {'media_types': ['TV_Show'], 'primary_provider': False, 'fallback_agent': None, 'contributes_to': ['com.plexapp.agents.thetvdb', 'com.plexapp.agents.none'], 'has_attribution': False, 'languages': ['xn'], 'persist_stored_files': False, 'version': 0, 'accepts_from': None, 'prefs': True, 'name': 'Local Media Assets (TV)'}, {'media_types': ['Artist'], 'primary_provider': False, 'fallback_agent': None, 'contributes_to': ['com.plexapp.agents.discogs', 'com.plexapp.agents.lastfm', 'com.plexapp.agents.plexmusic', 'com.plexapp.agents.none', 'tv.plex.agents.music', 'org.musicbrainz.agents.music'], 'has_attribution': False, 'languages': ['xn'], 'persist_stored_files': False, 'version': 0, 'accepts_from': None, 'prefs': True, 'name': 'Local Media Assets (Artists)'}, {'media_types': ['Artist'], 'primary_provider': False, 'fallback_agent': None, 'contributes_to': ['com.plexapp.agents.plexmusic'], 'has_attribution': False, 'languages': ['xn'], 'persist_stored_files': False, 'version': 2, 'accepts_from': None, 'prefs': True, 'name': 'Local Media Assets (Artists)'}, {'media_types': ['Album'], 'primary_provider': False, 'fallback_agent': None, 'contributes_to': ['com.plexapp.agents.discogs', 'com.plexapp.agents.lastfm', 'com.plexapp.agents.plexmusic', 'com.plexapp.agents.none', 'tv.plex.agents.music', 'org.musicbrainz.agents.music'], 'has_attribution': False, 'languages': ['xn'], 'persist_stored_files': False, 'version': 0, 'accepts_from': None, 'prefs': True, 'name': 'Local Media Assets (Albums)'}], 'com.plexapp.agents.movieposterdb': [{'media_types': ['Movie'], 'primary_provider': False, 'fallback_agent': None, 'contributes_to': ['com.plexapp.agents.imdb'], 'has_attribution': True, 'languages': ['xn'], 'persist_stored_files': True, 'version': 0, 'accepts_from': None, 'prefs': False, 'name': 'CineMaterial'}], 'com.plexapp.agents.htbackdrops': [{'media_types': ['Artist'], 'primary_provider': False, 'fallback_agent': None, 'contributes_to': ['com.plexapp.agents.lastfm'], 'has_attribution': True, 'languages': ['ab', 'aa', 'af', 'ak', 'sq', 'am', 'ar', 'an', 'hy', 'as', 'av', 'ae', 'ay', 'az', 'bm', 'ba', 'eu', 'be', 'bn', 'bh', 'bi', 'bs', 'pb', 'br', 'bg', 'my', 'ca', 'ch', 'ce', 'ny', 'zh', 'cu', 'cv', 'kw', 'co', 'cr', 'hr', 'cs', 'da', 'dv', 'nl', 'dz', 'en', 'eo', 'et', 'ee', 'fo', 'fj', 'fi', 'fr', 'fy', 'ff', 'gd', 'gl', 'lg', 'ka', 'de', 'el', 'gn', 'gu', 'ht', 'ha', 'he', 'hz', 'hi', 'ho', 'hu', 'is', 'io', 'ig', 'id', 'ia', 'ie', 'iu', 'ik', 'ga', 'it', 'ja', 'jv', 'kl', 'kn', 'kr', 'ks', 'kk', 'km', 'ki', 'rw', 'ky', 'kv', 'kg', 'ko', 'kj', 'ku', 'lo', 'la', 'lv', 'li', 'ln', 'lt', 'lu', 'lb', 'mk', 'mg', 'ms', 'ml', 'mt', 'gv', 'mi', 'mr', 'mh', 'mo', 'mn', 'na', 'nv', 'ng', 'ne', 'xn', 'nd', 'no', 'nb', 'nn', 'oc', 'oj', 'or', 'om', 'os', 'pi', 'pa', 'fa', 'pl', 'pt', 'ps', 'qu', 'rm', 'ro', 'rn', 'ru', 'se', 'sm', 'sg', 'sa', 'sc', 'sr', 'sn', 'ii', 'sd', 'si', 'sk', 'sl', 'so', 'st', 'nr', 'es', 'su', 'sw', 'ss', 'sv', 'tl', 'ty', 'tg', 'ta', 'tt', 'te', 'th', 'bo', 'ti', 'to', 'ts', 'tn', 'tr', 'tk', 'tw', 'ug', 'uk', 'ur', 'uz', 've', 'vi', 'vo', 'wa', 'cy', 'wo', 'xh', 'yi', 'yo', 'za', 'zu'], 'persist_stored_files': True, 'version': 0, 'accepts_from': None, 'prefs': False, 'name': 'Home Theater Backdrops'}], 'com.plexapp.agents.lastfm': [{'media_types': ['Artist'], 'primary_provider': True, 'fallback_agent': None, 'contributes_to': None, 'has_attribution': True, 'languages': ['en', 'sv', 'fr', 'es', 'de', 'pl', 'it', 'pt', 'ja', 'tr', 'ru', 'zh'], 'persist_stored_files': True, 'version': 0, 'accepts_from': None, 'prefs': True, 'name': 'Last.fm'}, {'media_types': ['Album'], 'primary_provider': True, 'fallback_agent': None, 'contributes_to': None, 'has_attribution': True, 'languages': ['en', 'sv', 'fr', 'es', 'de', 'pl', 'it', 'pt', 'ja', 'tr', 'ru', 'zh'], 'persist_stored_files': True, 'version': 0, 'accepts_from': None, 'prefs': True, 'name': 'Last.fm'}]}
2022-10-04 19:36:32,904 (7fc7db811b38) :  DEBUG (runtime:924) - Response: [200] MediaContainer, 11288 bytes
2022-10-04 19:36:32,912 (7fc7db8feb38) :  INFO (datakit:131) - Saved the dictionary file
2022-10-04 19:36:33,954 (7fc7dbee0b38) :  DEBUG (runtime:717) - Handling request GET /system/messaging/clear_events/com.plexapp.agents.imdb
2022-10-04 19:36:33,972 (7fc7dbee0b38) :  DEBUG (runtime:814) - Found route matching /system/messaging/clear_events/com.plexapp.agents.imdb
2022-10-04 19:36:33,973 (7fc7dbee0b38) :  DEBUG (runtime:88) - Sending packed state data (99 bytes)
2022-10-04 19:36:33,974 (7fc7dbee0b38) :  DEBUG (runtime:924) - Response: [200] str, 0 bytes
2022-10-04 19:36:34,053 (7fc7dbee0b38) :  DEBUG (runtime:717) - Handling request GET /:/plugins/com.plexapp.system/resourceHashes
2022-10-04 19:36:34,083 (7fc7dbee0b38) :  DEBUG (runtime:814) - Found route matching /:/plugins/com.plexapp.system/resourceHashes
2022-10-04 19:36:34,097 (7fc7dbee0b38) :  DEBUG (networking:143) - Requesting 'http://resources-cdn.plexapp.com/hashes.json'
2022-10-04 19:36:34,275 (7fc7dbee0b38) :  ERROR (networking:196) - Error opening URL 'http://resources-cdn.plexapp.com/hashes.json'
2022-10-04 19:36:34,277 (7fc7dbee0b38) :  CRITICAL (runtime:1299) - Exception getting hosted resource hashes (most recent call last):
  File "/usr/lib/plexmediaserver/Resources/Plug-ins-819d3678c/Framework.bundle/Contents/Resources/Versions/2/Python/Framework/components/runtime.py", line 1291, in get_resource_hashes
    json = self._core.networking.http_request("http://resources-cdn.plexapp.com/hashes.json", timeout=5).content
  File "/usr/lib/plexmediaserver/Resources/Plug-ins-819d3678c/Framework.bundle/Contents/Resources/Versions/2/Python/Framework/components/networking.py", line 242, in content
    return self.__str__()
  File "/usr/lib/plexmediaserver/Resources/Plug-ins-819d3678c/Framework.bundle/Contents/Resources/Versions/2/Python/Framework/components/networking.py", line 220, in __str__
    self.load()
  File "/usr/lib/plexmediaserver/Resources/Plug-ins-819d3678c/Framework.bundle/Contents/Resources/Versions/2/Python/Framework/components/networking.py", line 158, in load
    f = self._opener.open(req, timeout=self._timeout)
  File "/usr/lib/plexmediaserver/Resources/Python/python27.zip/urllib2.py", line 435, in open
    response = meth(req, response)
  File "/usr/lib/plexmediaserver/Resources/Python/python27.zip/urllib2.py", line 548, in http_response
    'http', request, response, code, msg, hdrs)
  File "/usr/lib/plexmediaserver/Resources/Python/python27.zip/urllib2.py", line 473, in error
    return self._call_chain(*args)
  File "/usr/lib/plexmediaserver/Resources/Python/python27.zip/urllib2.py", line 407, in _call_chain
    result = func(*args)
  File "/usr/lib/plexmediaserver/Resources/Python/python27.zip/urllib2.py", line 556, in http_error_default
    raise HTTPError(req.get_full_url(), code, msg, hdrs, fp)
HTTPError: HTTP Error 403: Forbidden

2022-10-04 19:36:34,278 (7fc7dbee0b38) :  DEBUG (runtime:88) - Sending packed state data (99 bytes)
2022-10-04 19:36:34,279 (7fc7dbee0b38) :  DEBUG (runtime:924) - Response: [404] NoneType, 0 bytes
2022-10-04 19:36:34,304 (7fc7dbee0b38) :  DEBUG (runtime:717) - Handling request GET /:/plugins/com.plexapp.system/messaging/function/X0J1bmRsZVNlcnZpY2U6QWxsU2VydmljZXM_/Y2VyZWFsMQoxCmxpc3QKMApyMAo_/Y2VyZWFsMQoxCmRpY3QKMApyMAo_
2022-10-04 19:36:34,307 (7fc7dbee0b38) :  DEBUG (runtime:49) - Received packed state data (80 bytes)
2022-10-04 19:36:34,311 (7fc7dbee0b38) :  DEBUG (runtime:814) - Found route matching /:/plugins/com.plexapp.system/messaging/function/X0J1bmRsZVNlcnZpY2U6QWxsU2VydmljZXM_/Y2VyZWFsMQoxCmxpc3QKMApyMAo_/Y2VyZWFsMQoxCmRpY3QKMApyMAo_
2022-10-04 19:36:34,320 (7fc7dbee0b38) :  DEBUG (runtime:88) - Sending packed state data (99 bytes)
2022-10-04 19:36:34,329 (7fc7dbee0b38) :  DEBUG (runtime:924) - Response: [200] str, 516 bytes
2022-10-04 19:36:35,056 (7fc7dbee0b38) :  DEBUG (runtime:717) - Handling request GET /:/plugins/com.plexapp.system/messaging/function/X0FnZW50U2VydmljZTpVcGRhdGVJbmZv/Y2VyZWFsMQoxCmxpc3QKMApyMAo_/Y2VyZWFsMQo3CmRpY3QKbGlzdApkaWN0Cmxpc3QKbGlzdApsaXN0Cmxpc3QKMgpzMjMKY29tLnBsZXhhcHAuYWdlbnRzLmltZGJzMTAKaWRlbnRpZmllcnIxCnMxMAphZ2VudF9pbmZvMQpyMgoxMApyMwpzMTEKbWVkaWFfdHlwZXNyNApzMTIKYWNjZXB0c19mcm9tbnMxNApmYWxsYmFja19hZ2VudHI1CnMxNApjb250cmlidXRlc190b3I2CnM5Cmxhbmd1YWdlc2IxczIwCnBlcnNpc3Rfc3RvcmVkX2ZpbGVzaTAKczcKdmVyc2lvbmIxczE2CnByaW1hcnlfcHJvdmlkZXJiMXM1CnByZWZzczEwClBsZXggTW92aWVzNApuYW1lMQpzNQpNb3ZpZTEKczI5CmNvbS5wbGV4YXBwLmFnZW50cy5sb2NhbG1lZGlhMQpzMjkKY29tLnBsZXhhcHAuYWdlbnRzLnRoZW1vdmllZGIzMwpzMgplbnMyCnN2czIKZnJzMgplc3MyCm5sczIKZGVzMgppdHMyCmRhczIKYXJzMgpjYXMyCnpoczIKY3NzMgpldHMyCmZpczIKZWxzMgpoZXMyCmhpczIKaHVzMgppZHMyCmphczIKa29zMgpsdnMyCm5vczIKZmFzMgpwbHMyCnB0czIKcm9zMgpydXMyCnNrczIKdGhzMgp0cnMyCnVrczIKdmlyMAo_
2022-10-04 19:36:35,057 (7fc7dbee0b38) :  DEBUG (runtime:49) - Received packed state data (80 bytes)
2022-10-04 19:36:35,059 (7fc7dbee0b38) :  DEBUG (runtime:814) - Found route matching /:/plugins/com.plexapp.system/messaging/function/X0FnZW50U2VydmljZTpVcGRhdGVJbmZv/Y2VyZWFsMQoxCmxpc3QKMApyMAo_/Y2VyZWFsMQo3CmRpY3QKbGlzdApkaWN0Cmxpc3QKbGlzdApsaXN0Cmxpc3QKMgpzMjMKY29tLnBsZXhhcHAuYWdlbnRzLmltZGJzMTAKaWRlbnRpZmllcnIxCnMxMAphZ2VudF9pbmZvMQpyMgoxMApyMwpzMTEKbWVkaWFfdHlwZXNyNApzMTIKYWNjZXB0c19mcm9tbnMxNApmYWxsYmFja19hZ2VudHI1CnMxNApjb250cmlidXRlc190b3I2CnM5Cmxhbmd1YWdlc2IxczIwCnBlcnNpc3Rfc3RvcmVkX2ZpbGVzaTAKczcKdmVyc2lvbmIxczE2CnByaW1hcnlfcHJvdmlkZXJiMXM1CnByZWZzczEwClBsZXggTW92aWVzNApuYW1lMQpzNQpNb3ZpZTEKczI5CmNvbS5wbGV4YXBwLmFnZW50cy5sb2NhbG1lZGlhMQpzMjkKY29tLnBsZXhhcHAuYWdlbnRzLnRoZW1vdmllZGIzMwpzMgplbnMyCnN2czIKZnJzMgplc3MyCm5sczIKZGVzMgppdHMyCmRhczIKYXJzMgpjYXMyCnpoczIKY3NzMgpldHMyCmZpczIKZWxzMgpoZXMyCmhpczIKaHVzMgppZHMyCmphczIKa29zMgpsdnMyCm5vczIKZmFzMgpwbHMyCnB0czIKcm9zMgpydXMyCnNrczIKdGhzMgp0cnMyCnVrczIKdmlyMAo_
2022-10-04 19:36:35,060 (7fc7dbee0b38) :  INFO (agentservice:175) - Receiving agent info from com.plexapp.agents.imdb: [{'media_types': ['Movie'], 'primary_provider': True, 'fallback_agent': None, 'contributes_to': ['com.plexapp.agents.themoviedb'], 'languages': ['en', 'sv', 'fr', 'es', 'nl', 'de', 'it', 'da', 'ar', 'ca', 'zh', 'cs', 'et', 'fi', 'el', 'he', 'hi', 'hu', 'id', 'ja', 'ko', 'lv', 'no', 'fa', 'pl', 'pt', 'ro', 'ru', 'sk', 'th', 'tr', 'uk', 'vi'], 'persist_stored_files': True, 'version': 0, 'accepts_from': ['com.plexapp.agents.localmedia'], 'prefs': True, 'name': 'Plex Movie'}]
2022-10-04 19:36:35,062 (7fc7dbee0b38) :  DEBUG (runtime:88) - Sending packed state data (99 bytes)
2022-10-04 19:36:35,063 (7fc7dbee0b38) :  DEBUG (runtime:924) - Response: [200] str, 16 bytes
2022-10-04 19:36:37,833 (7fc7dbee0b38) :  DEBUG (runtime:717) - Handling request GET /system/notify/serverUpdated?host=127.0.0.1
2022-10-04 19:36:37,834 (7fc7dbee0b38) :  DEBUG (runtime:814) - Found route matching /system/notify/serverUpdated
2022-10-04 19:36:37,835 (7fc7dbee0b38) :  DEBUG (peerservice:386) - Handling server update notification (127.0.0.1)
2022-10-04 19:36:37,836 (7fc7dbee0b38) :  DEBUG (peerservice:189) - Updating servers (True/False True/True/True)
2022-10-04 19:36:37,837 (7fc7dbee0b38) :  DEBUG (peerservice:164) - Fetching the current list of servers
2022-10-04 19:36:37,839 (7fc7dbee0b38) :  DEBUG (networking:143) - Requesting 'http://127.0.0.1:32400/servers'
2022-10-04 19:36:37,843 (7fc7dbee0b38) :  DEBUG (peerservice:198) - Found 1 servers
2022-10-04 19:36:37,844 (7fc7dbee0b38) :  DEBUG (peerservice:214) - Ignoring c5b59c61e3bba9da5bf9ce45cea4ea771aa9df8e because host != 127.0.0.1 (172.20.0.3)
2022-10-04 19:36:37,845 (7fc7dbee0b38) :  DEBUG (runtime:924) - Response: [200] str, 0 bytes
2022-10-04 19:36:37,889 (7fc7dbf26b38) :  INFO (datakit:131) - Saved the dictionary file
2022-10-04 19:38:32,780 (7fc7dbebdb38) :  DEBUG (runtime:1156) - Starting timed thread named 'refresh_servers'
2022-10-04 19:38:32,783 (7fc7dbebdb38) :  DEBUG (peerservice:164) - Fetching the current list of servers
2022-10-04 19:38:32,786 (7fc7dbebdb38) :  DEBUG (networking:143) - Requesting 'http://127.0.0.1:32400/servers'
2022-10-04 19:38:32,791 (7fc7dbebdb38) :  DEBUG (peerservice:171) - Refreshing local server
2022-10-04 19:38:32,792 (7fc7dbebdb38) :  DEBUG (peerservice:189) - Updating servers (True/False True/True/True)
2022-10-04 19:38:32,793 (7fc7dbebdb38) :  DEBUG (peerservice:198) - Found 1 servers
2022-10-04 19:38:32,795 (7fc7dbebdb38) :  DEBUG (networking:143) - Requesting 'http://127.0.0.1:32400'
2022-10-04 19:38:32,828 (7fc7dbebdb38) :  DEBUG (core:521) - Attribute 'machineIdentifier' set to 'c5b59c61e3bba9da5bf9ce45cea4ea771aa9df8e'
2022-10-04 19:38:32,829 (7fc7dbebdb38) :  DEBUG (peerservice:230) - Creating new server 3c11248e3a4f (c5b59c61e3bba9da5bf9ce45cea4ea771aa9df8e)
2022-10-04 19:38:32,833 (7fc7dbebdb38) :  DEBUG (networking:143) - Requesting 'http://127.0.0.1:32400/library/sections'
2022-10-04 19:38:32,840 (7fc7dbebdb38) :  DEBUG (networking:143) - Requesting 'http://127.0.0.1:32400/channels/all'
2022-10-04 19:38:32,844 (7fc7dbee0b38) :  DEBUG (peerservice:176) - Background-refreshing remote servers
2022-10-04 19:38:32,845 (7fc7dbebdb38) :  DEBUG (runtime:1117) - Created a thread named 'background_refresh'
2022-10-04 19:38:32,845 (7fc7dbee0b38) :  DEBUG (peerservice:189) - Updating servers (True/False True/True/True)
2022-10-04 19:38:32,847 (7fc7dbee0b38) :  DEBUG (peerservice:198) - Found 1 servers
2022-10-04 19:38:32,848 (7fc7dbee0b38) :  DEBUG (peerservice:233) - Updating existing server 3c11248e3a4f (c5b59c61e3bba9da5bf9ce45cea4ea771aa9df8e)
2022-10-04 19:38:32,850 (7fc7dbee0b38) :  DEBUG (networking:143) - Requesting 'http://127.0.0.1:32400/library/sections'
2022-10-04 19:38:32,857 (7fc7dbee0b38) :  DEBUG (networking:143) - Requesting 'http://127.0.0.1:32400/channels/all'
2022-10-04 20:36:32,790 (7fc7db921b38) :  DEBUG (runtime:1156) - Starting timed thread named 'invalidation_timer'
