Oct 04, 2022 19:36:32.859 [0x7fd282635b38] INFO - Plex Tuner Service v1.0.0.0 - Docker Docker Container (LinuxServer.io) x86_64 - build: 
Oct 04, 2022 19:36:32.859 [0x7fd282635b38] INFO - Linux version: 5.10.124-linuxkit (#1 SMP Thu Jun 30 08:19:10 UTC 2022), language: en-US
Oct 04, 2022 19:36:32.860 [0x7fd282635b38] INFO - Processor Intel(R) Core(TM) i5-10400 CPU @ 2.90GHz
Oct 04, 2022 19:36:32.860 [0x7fd282635b38] INFO - /usr/lib/plexmediaserver/Plex Tuner Service /usr/lib/plexmediaserver/Resources/Tuner/Private /usr/lib/plexmediaserver/Resources/Tuner/Shared 1.29.0.6244-819d3678c 32600
Oct 04, 2022 19:36:32.849 [0x7fd283f36808] INFO - [I] broker_t::start...
Oct 04, 2022 19:36:32.854 [0x7fd283f36808] INFO - [I] device_manager_t::init.
Oct 04, 2022 19:36:32.854 [0x7fd283f36808] INFO - [I] device_manager_t::init. Initialize provider manager
Oct 04, 2022 19:36:32.854 [0x7fd283f36808] INFO - [I] device_manager_t::init. Initialize all device auxes
Oct 04, 2022 19:36:32.854 [0x7fd283f36808] INFO - [I] dvb_device_factory_t::get_aux_list
Oct 04, 2022 19:36:32.854 [0x7fd283f36808] INFO - [I] tvbutler_aux_t::init
Oct 04, 2022 19:36:32.856 [0x7fd283f36808] INFO - [I] web_server_t::start. Starting web server on port 32600
Oct 04, 2022 19:36:40.860 [0x7fd2822cab38] INFO - [I] web_service_t::process_device_discovery
Oct 04, 2022 19:36:40.860 [0x7fd2822cab38] INFO - [I] device_reactor_t::get_device_list ()
Oct 04, 2022 19:36:42.874 [0x7fd2822cab38] INFO - [I] SAT2IP - discover_satip_servers(): no servers found
Oct 04, 2022 19:36:43.279 [0x7fd2822cab38] INFO - [I] v4l::DeviceGetList_impl. getting v4l device list
Oct 04, 2022 19:36:43.281 [0x7fd2822cab38] INFO - [I] onetv_factory::DeviceGetListEx >>
Oct 04, 2022 19:36:43.282 [0x7fd2822cab38] WARN - [W] onetv_factory::DeviceGetListEx. libusb_init returned an error -99
Oct 04, 2022 21:14:54.388 [0x7fd283f36808] INFO - Received SIGINT: Interrupt from keyboard.
Oct 04, 2022 21:14:54.408 [0x7fd283f36808] INFO - [I] device_manager_t::term
Oct 04, 2022 21:14:54.408 [0x7fd283f36808] INFO - [I] device_manager_t::term. Stop all devices
Oct 04, 2022 21:14:54.408 [0x7fd283f36808] INFO - [I] device_manager_t::term. Shut down all device auxes
Oct 04, 2022 21:14:54.408 [0x7fd283f36808] INFO - [I] tvbutler_aux_t::term
